Copyright 1986-2018 Xilinx, Inc. All Rights Reserved.
-------------------------------------------------------------------------------------------------------------------------------------------
| Tool Version     : Vivado v.2018.3 (win64) Build 2405991 Thu Dec  6 23:38:27 MST 2018
| Date             : Wed Jul 15 14:26:57 2020
| Host             : LAPTOP-BSJPT6V2 running 64-bit major release  (build 9200)
| Command          : report_power -file present_power_routed.rpt -pb present_power_summary_routed.pb -rpx present_power_routed.rpx
| Design           : present
| Device           : xc7a35tftg256-1
| Design State     : routed
| Grade            : commercial
| Process          : typical
| Characterization : Production
-------------------------------------------------------------------------------------------------------------------------------------------

Power Report

Table of Contents
-----------------
1. Summary
1.1 On-Chip Components
1.2 Power Supply Summary
1.3 Confidence Level
2. Settings
2.1 Environment
2.2 Clock Constraints
3. Detailed Reports
3.1 By Hierarchy

1. Summary
----------

+--------------------------+-----------------------------------+
| Total On-Chip Power (W)  | 266.077 (Junction temp exceeded!) |
| Design Power Budget (W)  | Unspecified*                      |
| Power Budget Margin (W)  | NA                                |
| Dynamic (W)              | 265.591                           |
| Device Static (W)        | 0.486                             |
| Effective TJA (C/W)      | 4.9                               |
| Max Ambient (C)          | 0.0                               |
| Junction Temperature (C) | 125.0                             |
| Confidence Level         | Low                               |
| Setting File             | ---                               |
| Simulation Activity File | ---                               |
| Design Nets Matched      | NA                                |
+--------------------------+-----------------------------------+
* Specify Design Power Budget using, set_operating_conditions -design_power_budget <value in Watts>


1.1 On-Chip Components
----------------------

+----------------+-----------+----------+-----------+-----------------+
| On-Chip        | Power (W) | Used     | Available | Utilization (%) |
+----------------+-----------+----------+-----------+-----------------+
| Slice Logic    |   133.737 |     1767 |       --- |             --- |
|   LUT as Logic |   133.737 |     1103 |     20800 |            5.30 |
| Signals        |    85.154 |     1783 |       --- |             --- |
| I/O            |    46.700 |       32 |       170 |           18.82 |
| Static Power   |     0.486 |          |           |                 |
| Total          |   266.077 |          |           |                 |
+----------------+-----------+----------+-----------+-----------------+


1.2 Power Supply Summary
------------------------

+-----------+-------------+-----------+-------------+------------+
| Source    | Voltage (V) | Total (A) | Dynamic (A) | Static (A) |
+-----------+-------------+-----------+-------------+------------+
| Vccint    |       1.000 |   219.295 |     218.955 |      0.341 |
| Vccaux    |       1.800 |     1.762 |       1.709 |      0.053 |
| Vcco33    |       3.300 |    13.201 |      13.200 |      0.001 |
| Vcco25    |       2.500 |     0.000 |       0.000 |      0.000 |
| Vcco18    |       1.800 |     0.000 |       0.000 |      0.000 |
| Vcco15    |       1.500 |     0.000 |       0.000 |      0.000 |
| Vcco135   |       1.350 |     0.000 |       0.000 |      0.000 |
| Vcco12    |       1.200 |     0.000 |       0.000 |      0.000 |
| Vccaux_io |       1.800 |     0.000 |       0.000 |      0.000 |
| Vccbram   |       1.000 |     0.010 |       0.000 |      0.010 |
| MGTAVcc   |       1.000 |     0.000 |       0.000 |      0.000 |
| MGTAVtt   |       1.200 |     0.000 |       0.000 |      0.000 |
| Vccadc    |       1.800 |     0.020 |       0.000 |      0.020 |
+-----------+-------------+-----------+-------------+------------+


1.3 Confidence Level
--------------------

+-----------------------------+------------+--------------------------------------------------------+------------------------------------------------------------------------------------------------------------+
| User Input Data             | Confidence | Details                                                | Action                                                                                                     |
+-----------------------------+------------+--------------------------------------------------------+------------------------------------------------------------------------------------------------------------+
| Design implementation state | High       | Design is routed                                       |                                                                                                            |
| Clock nodes activity        | High       | User specified more than 95% of clocks                 |                                                                                                            |
| I/O nodes activity          | Low        | More than 75% of inputs are missing user specification | Provide missing input activity with simulation results or by editing the "By Resource Type -> I/Os" view   |
| Internal nodes activity     | Medium     | User specified less than 25% of internal nodes         | Provide missing internal nodes activity with simulation results or by editing the "By Resource Type" views |
| Device models               | High       | Device models are Production                           |                                                                                                            |
|                             |            |                                                        |                                                                                                            |
| Overall confidence level    | Low        |                                                        |                                                                                                            |
+-----------------------------+------------+--------------------------------------------------------+------------------------------------------------------------------------------------------------------------+


2. Settings
-----------

2.1 Environment
---------------

+-----------------------+--------------------------+
| Ambient Temp (C)      | 25.0                     |
| ThetaJA (C/W)         | 4.9                      |
| Airflow (LFM)         | 250                      |
| Heat Sink             | medium (Medium Profile)  |
| ThetaSA (C/W)         | 4.6                      |
| Board Selection       | medium (10"x10")         |
| # of Board Layers     | 12to15 (12 to 15 Layers) |
| Board Temperature (C) | 25.0                     |
+-----------------------+--------------------------+


2.2 Clock Constraints
---------------------

+-------+--------+-----------------+
| Clock | Domain | Constraint (ns) |
+-------+--------+-----------------+


3. Detailed Reports
-------------------

3.1 By Hierarchy
----------------

+---------+-----------+
| Name    | Power (W) |
+---------+-----------+
| present |   265.591 |
|   U10   |     1.094 |
|     U0  |     1.094 |
|   U11   |     1.175 |
|     U0  |     1.175 |
|   U12   |     1.190 |
|     U0  |     1.190 |
|   U13   |     0.447 |
|     U0  |     0.447 |
|   U14   |     0.732 |
|     U0  |     0.732 |
|   U15   |     1.205 |
|     U0  |     1.205 |
|   U16   |     1.128 |
|     U0  |     1.128 |
|   U17   |     1.402 |
|     U0  |     1.402 |
|   U18   |     0.536 |
|     U0  |     0.536 |
|   U19   |     1.330 |
|     U0  |     1.330 |
|   U2    |   192.574 |
|     U0  |   192.574 |
|   U20   |     1.274 |
|     U0  |     1.274 |
|   U21   |     1.083 |
|     U0  |     1.083 |
|   U23   |     1.190 |
|     U0  |     1.190 |
|   U24   |     1.218 |
|     U0  |     1.218 |
|   U25   |     1.159 |
|     U0  |     1.159 |
|   U27   |     1.233 |
|     U0  |     1.233 |
|   U28   |     1.221 |
|     U0  |     1.221 |
|   U29   |     1.336 |
|     U0  |     1.336 |
|   U3    |     0.037 |
|     U0  |     0.037 |
|   U30   |     0.263 |
|     U0  |     0.263 |
|   U31   |     0.695 |
|     U0  |     0.695 |
|   U32   |     3.301 |
|   U4    |     0.268 |
|     U0  |     0.268 |
|   U6    |     0.128 |
|     U0  |     0.128 |
|   U7    |     0.535 |
|     U0  |     0.535 |
|   U8    |     0.807 |
|     U0  |     0.807 |
+---------+-----------+


