#-----------------------------------------------------------
# Vivado v2018.3 (64-bit)
# SW Build 2405991 on Thu Dec  6 23:38:27 MST 2018
# IP Build 2404404 on Fri Dec  7 01:43:56 MST 2018
# Start of session at: Fri Jul 17 08:45:34 2020
# Process ID: 3020
# Current directory: C:/Users/Lenovo/Desktop/0121710870329/present
# Command line: vivado.exe -gui_launcher_event rodinguilauncherevent11276 C:\Users\Lenovo\Desktop\0121710870329\present\present.xpr
# Log file: C:/Users/Lenovo/Desktop/0121710870329/present/vivado.log
# Journal file: C:/Users/Lenovo/Desktop/0121710870329/present\vivado.jou
#-----------------------------------------------------------
start_gui
open_project C:/Users/Lenovo/Desktop/0121710870329/present/present.xpr
INFO: [Project 1-313] Project file moved from 'C:/Users/Lenovo/present' since last save.
Scanning sources...
Finished scanning sources
INFO: [IP_Flow 19-234] Refreshing IP repositories
INFO: [IP_Flow 19-1704] No user IP repositories specified
INFO: [IP_Flow 19-2313] Loaded Vivado IP repository 'D:/vivado/Vivado/2018.3/data/ip'.
open_project: Time (s): cpu = 00:00:20 ; elapsed = 00:00:13 . Memory (MB): peak = 777.789 ; gain = 185.363
update_compile_order -fileset sources_1
exit
INFO: [Common 17-206] Exiting Vivado at Fri Jul 17 08:46:31 2020...
