#-----------------------------------------------------------
# Vivado v2018.3 (64-bit)
# SW Build 2405991 on Thu Dec  6 23:38:27 MST 2018
# IP Build 2404404 on Fri Dec  7 01:43:56 MST 2018
# Start of session at: Fri Jul 10 16:56:33 2020
# Process ID: 11524
# Current directory: C:/Users/Lenovo/present
# Command line: vivado.exe -gui_launcher_event rodinguilauncherevent2888 C:\Users\Lenovo\present\present.xpr
# Log file: C:/Users/Lenovo/present/vivado.log
# Journal file: C:/Users/Lenovo/present\vivado.jou
#-----------------------------------------------------------
start_gui
open_project C:/Users/Lenovo/present/present.xpr
Scanning sources...
Finished scanning sources
INFO: [IP_Flow 19-234] Refreshing IP repositories
INFO: [IP_Flow 19-1704] No user IP repositories specified
INFO: [IP_Flow 19-2313] Loaded Vivado IP repository 'D:/vivado/Vivado/2018.3/data/ip'.
open_project: Time (s): cpu = 00:00:34 ; elapsed = 00:00:21 . Memory (MB): peak = 782.555 ; gain = 205.887
update_compile_order -fileset sources_1
reset_run synth_1
launch_runs synth_1 -jobs 4
[Fri Jul 10 16:57:50 2020] Launched synth_1...
Run output will be captured here: C:/Users/Lenovo/present/present.runs/synth_1/runme.log
launch_runs impl_1 -jobs 4
[Fri Jul 10 17:06:20 2020] Launched impl_1...
Run output will be captured here: C:/Users/Lenovo/present/present.runs/impl_1/runme.log
launch_runs impl_1 -to_step write_bitstream -jobs 4
[Fri Jul 10 17:09:28 2020] Launched impl_1...
Run output will be captured here: C:/Users/Lenovo/present/present.runs/impl_1/runme.log
exit
INFO: [Common 17-206] Exiting Vivado at Fri Jul 10 17:12:29 2020...
