INFO: [VRFC 10-2263] Analyzing Verilog file "C:/Users/Lenovo/decrypt/decrypt.sim/sim_1/synth/func/xsim/test_func_synth.v" into library xil_defaultlib
INFO: [VRFC 10-311] analyzing module AddRoundKeys
INFO: [VRFC 10-311] analyzing module AddRoundKeys_25
INFO: [VRFC 10-311] analyzing module AddRoundKeys_26
INFO: [VRFC 10-311] analyzing module AddRoundKeys_27
INFO: [VRFC 10-311] analyzing module AddRoundKeys_28
INFO: [VRFC 10-311] analyzing module AddRoundKeys_29
INFO: [VRFC 10-311] analyzing module AddRoundKeys_30
INFO: [VRFC 10-311] analyzing module AddRoundKeys_31
INFO: [VRFC 10-311] analyzing module AddRoundKeys_32
INFO: [VRFC 10-311] analyzing module AddRoundKeys_33
INFO: [VRFC 10-311] analyzing module AddRoundKeys_34
INFO: [VRFC 10-311] analyzing module AddRoundKeys_35
INFO: [VRFC 10-311] analyzing module AddRoundKeys_36
INFO: [VRFC 10-311] analyzing module AddRoundKeys_37
INFO: [VRFC 10-311] analyzing module AddRoundKeys_38
INFO: [VRFC 10-311] analyzing module AddRoundKeys_39
INFO: [VRFC 10-311] analyzing module AddRoundKeys_40
INFO: [VRFC 10-311] analyzing module AddRoundKeys_41
INFO: [VRFC 10-311] analyzing module AddRoundKeys_42
INFO: [VRFC 10-311] analyzing module AddRoundKeys_43
INFO: [VRFC 10-311] analyzing module AddRoundKeys_44
INFO: [VRFC 10-311] analyzing module AddRoundKeys_45
INFO: [VRFC 10-311] analyzing module AddRoundKeys_46
INFO: [VRFC 10-311] analyzing module AddRoundKeys_47
INFO: [VRFC 10-311] analyzing module AddRoundKeys_48
INFO: [VRFC 10-311] analyzing module AddRoundKeys_49
INFO: [VRFC 10-311] analyzing module Round
INFO: [VRFC 10-311] analyzing module Round_0
INFO: [VRFC 10-311] analyzing module Round_1
INFO: [VRFC 10-311] analyzing module Round_10
INFO: [VRFC 10-311] analyzing module Round_11
INFO: [VRFC 10-311] analyzing module Round_12
INFO: [VRFC 10-311] analyzing module Round_13
INFO: [VRFC 10-311] analyzing module Round_14
INFO: [VRFC 10-311] analyzing module Round_15
INFO: [VRFC 10-311] analyzing module Round_16
INFO: [VRFC 10-311] analyzing module Round_17
INFO: [VRFC 10-311] analyzing module Round_18
INFO: [VRFC 10-311] analyzing module Round_19
INFO: [VRFC 10-311] analyzing module Round_2
INFO: [VRFC 10-311] analyzing module Round_20
INFO: [VRFC 10-311] analyzing module Round_21
INFO: [VRFC 10-311] analyzing module Round_22
INFO: [VRFC 10-311] analyzing module Round_23
INFO: [VRFC 10-311] analyzing module Round_24
INFO: [VRFC 10-311] analyzing module Round_3
INFO: [VRFC 10-311] analyzing module Round_4
INFO: [VRFC 10-311] analyzing module Round_5
INFO: [VRFC 10-311] analyzing module Round_6
INFO: [VRFC 10-311] analyzing module Round_7
INFO: [VRFC 10-311] analyzing module Round_8
INFO: [VRFC 10-311] analyzing module Round_9
INFO: [VRFC 10-311] analyzing module decrypt
INFO: [VRFC 10-311] analyzing module glbl
INFO: [VRFC 10-2263] Analyzing Verilog file "C:/Users/Lenovo/decrypt/decrypt.srcs/sim_1/new/test.v" into library xil_defaultlib
INFO: [VRFC 10-311] analyzing module test
